<?xml version="1.0" encoding="UTF-8"?>
<!-- Generated by org.testng.reporters.JUnitXMLReporter -->
<testsuite ignored="1" hostname="DESKTOP-5BS10NK" failures="0" tests="2" name="Test" time="27.956" errors="0" timestamp="2024-05-16T20:01:06 IST">
  <testcase classname="com.test.elements.TC1_LoginDetails" name="checkLoginDetails" time="1.34"/>
  <testcase classname="com.test.elements.TC2_FormFillUp" name="fillForm" time="0.392"/>
  <testcase classname="com.test.elements.TC2_FormFillUp" name="sum" time="0.0">
    <ignored/>
  </testcase> <!-- sum -->
</testsuite> <!-- Test -->
