<?xml version="1.0" encoding="UTF-8"?>
<testng-results ignored="0" total="2" passed="2" failed="0" skipped="0">
  <reporter-output>
  </reporter-output>
  <suite started-at="2024-05-16T20:00:38 IST" name="Suite" finished-at="2024-05-16T20:01:06 IST" duration-ms="27956">
    <groups>
      <group name="smoke">
        <method signature="TC1_LoginDetails.checkLoginDetails()[pri:0, instance:com.test.elements.TC1_LoginDetails@4f83df68]" name="checkLoginDetails" class="com.test.elements.TC1_LoginDetails"/>
        <method signature="TC2_FormFillUp.fillForm(java.lang.String,java.lang.String,java.lang.String)[pri:1, instance:com.test.elements.TC2_FormFillUp@78691363]" name="fillForm" class="com.test.elements.TC2_FormFillUp"/>
      </group> <!-- smoke -->
    </groups>
    <test started-at="2024-05-16T20:00:38 IST" name="Test" finished-at="2024-05-16T20:01:06 IST" duration-ms="27956">
      <class name="com.test.elements.TC2_FormFillUp">
        <test-method is-config="true" signature="launchBrowser()[pri:0, instance:com.test.elements.TC2_FormFillUp@78691363]" started-at="2024-05-16T20:00:54 IST" name="launchBrowser" finished-at="2024-05-16T20:00:55 IST" duration-ms="1656" status="PASS">
          <reporter-output>
          </reporter-output>
        </test-method> <!-- launchBrowser -->
        <test-method signature="fillForm(java.lang.String,java.lang.String,java.lang.String)[pri:1, instance:com.test.elements.TC2_FormFillUp@78691363]" started-at="2024-05-16T20:00:55 IST" name="fillForm" data-provider="dp" finished-at="2024-05-16T20:00:56 IST" duration-ms="392" status="PASS">
          <params>
            <param index="0">
              <value>
                <![CDATA[Automation Tester]]>
              </value>
            </param>
            <param index="1">
              <value>
                <![CDATA[automation@gmail.com]]>
              </value>
            </param>
            <param index="2">
              <value>
                <![CDATA[1111111111]]>
              </value>
            </param>
          </params>
          <reporter-output>
          </reporter-output>
        </test-method> <!-- fillForm -->
        <test-method is-config="true" signature="tearDown()[pri:0, instance:com.test.elements.TC2_FormFillUp@78691363]" started-at="2024-05-16T20:00:56 IST" name="tearDown" finished-at="2024-05-16T20:01:06 IST" duration-ms="10234" status="PASS">
          <reporter-output>
          </reporter-output>
        </test-method> <!-- tearDown -->
      </class> <!-- com.test.elements.TC2_FormFillUp -->
      <class name="com.test.elements.TC1_LoginDetails">
        <test-method is-config="true" signature="launchBrowser()[pri:0, instance:com.test.elements.TC1_LoginDetails@4f83df68]" started-at="2024-05-16T20:00:38 IST" name="launchBrowser" finished-at="2024-05-16T20:00:41 IST" duration-ms="2905" status="PASS">
          <reporter-output>
          </reporter-output>
        </test-method> <!-- launchBrowser -->
        <test-method signature="checkLoginDetails()[pri:0, instance:com.test.elements.TC1_LoginDetails@4f83df68]" started-at="2024-05-16T20:00:41 IST" name="checkLoginDetails" finished-at="2024-05-16T20:00:43 IST" duration-ms="1340" status="PASS">
          <reporter-output>
          </reporter-output>
        </test-method> <!-- checkLoginDetails -->
        <test-method is-config="true" signature="tearDown()[pri:0, instance:com.test.elements.TC1_LoginDetails@4f83df68]" started-at="2024-05-16T20:00:43 IST" name="tearDown" finished-at="2024-05-16T20:00:53 IST" duration-ms="10248" status="PASS">
          <reporter-output>
          </reporter-output>
        </test-method> <!-- tearDown -->
      </class> <!-- com.test.elements.TC1_LoginDetails -->
    </test> <!-- Test -->
  </suite> <!-- Suite -->
</testng-results>
